# JRE version: OpenJDK Runtime Environment JBR-17.0.7+7-1000.6-jcef (17.0.7+7) (build 17.0.7+7-b1000.6)
# Java VM: OpenJDK 64-Bit Server VM JBR-17.0.7+7-1000.6-jcef (17.0.7+7-b1000.6, mixed mode, tiered, compressed oops, compressed class ptrs, g1 gc, windows-amd64)
GC Precious Log:
 CPUs: 2 total, 2 available
 Memory: 4009M
 Large Page Support: Disabled
 NUMA Support: Disabled
 Compressed Oops: Enabled (32-bit)
 Heap Region Size: 1M
 Heap Min Capacity: 8M
 Heap Initial Capacity: 64M
 Heap Max Capacity: 512M
 Pre-touch: Disabled
 Parallel Workers: 2
 Concurrent Workers: 1
 Concurrent Refinement Workers: 2
 Periodic GC: Disabled
Heap:
 garbage-first heap   total 40960K, used 21752K [0x00000000e0000000, 0x0000000100000000)
  region size 1024K, 11 young (11264K), 2 survivors (2048K)
 Metaspace       used 32763K, committed 33024K, reserved 1114112K
  class space    used 4140K, committed 4288K, reserved 1048576K
GC Heap History (18 events):
Event: 3.129 GC heap before
{Heap before GC invocations=0 (full 0):
 garbage-first heap   total 65536K, used 5120K [0x00000000e0000000, 0x0000000100000000)
  region size 1024K, 6 young (6144K), 0 survivors (0K)
 Metaspace       used 8418K, committed 8640K, reserved 1114112K
  class space    used 776K, committed 896K, reserved 1048576K
}
Event: 3.152 GC heap after
{Heap after GC invocations=1 (full 0):
 garbage-first heap   total 65536K, used 3103K [0x00000000e0000000, 0x0000000100000000)
  region size 1024K, 1 young (1024K), 1 survivors (1024K)
 Metaspace       used 8418K, committed 8640K, reserved 1114112K
  class space    used 776K, committed 896K, reserved 1048576K
}
Event: 3.537 GC heap before
{Heap before GC invocations=1 (full 0):
 garbage-first heap   total 65536K, used 5151K [0x00000000e0000000, 0x0000000100000000)
  region size 1024K, 4 young (4096K), 1 survivors (1024K)
 Metaspace       used 8488K, committed 8704K, reserved 1114112K
  class space    used 779K, committed 896K, reserved 1048576K
}
Event: 3.542 GC heap after
{Heap after GC invocations=2 (full 0):
 garbage-first heap   total 65536K, used 5685K [0x00000000e0000000, 0x0000000100000000)
  region size 1024K, 1 young (1024K), 1 survivors (1024K)
 Metaspace       used 8488K, committed 8704K, reserved 1114112K
  class space    used 779K, committed 896K, reserved 1048576K
}
Event: 6.928 GC heap before
{Heap before GC invocations=2 (full 0):
 garbage-first heap   total 65536K, used 11829K [0x00000000e0000000, 0x0000000100000000)
  region size 1024K, 7 young (7168K), 1 survivors (1024K)
 Metaspace       used 12314K, committed 12480K, reserved 1114112K
  class space    used 1255K, committed 1344K, reserved 1048576K
}
Event: 6.942 GC heap after
{Heap after GC invocations=3 (full 0):
 garbage-first heap   total 65536K, used 8145K [0x00000000e0000000, 0x0000000100000000)
  region size 1024K, 1 young (1024K), 1 survivors (1024K)
 Metaspace       used 12314K, committed 12480K, reserved 1114112K
  class space    used 1255K, committed 1344K, reserved 1048576K
}
Event: 15.098 GC heap before
{Heap before GC invocations=3 (full 0):
 garbage-first heap   total 65536K, used 18385K [0x00000000e0000000, 0x0000000100000000)
  region size 1024K, 11 young (11264K), 1 survivors (1024K)
 Metaspace       used 15798K, committed 16000K, reserved 1114112K
  class space    used 1738K, committed 1856K, reserved 1048576K
}
Event: 15.114 GC heap after
{Heap after GC invocations=4 (full 0):
 garbage-first heap   total 65536K, used 9216K [0x00000000e0000000, 0x0000000100000000)
  region size 1024K, 2 young (2048K), 2 survivors (2048K)
 Metaspace       used 15798K, committed 16000K, reserved 1114112K
  class space    used 1738K, committed 1856K, reserved 1048576K
}
Event: 22.777 GC heap before
{Heap before GC invocations=4 (full 0):
 garbage-first heap   total 65536K, used 29696K [0x00000000e0000000, 0x0000000100000000)
  region size 1024K, 23 young (23552K), 2 survivors (2048K)
 Metaspace       used 21223K, committed 21504K, reserved 1114112K
  class space    used 2472K, committed 2624K, reserved 1048576K
}
Event: 22.790 GC heap after
{Heap after GC invocations=5 (full 0):
 garbage-first heap   total 65536K, used 10895K [0x00000000e0000000, 0x0000000100000000)
  region size 1024K, 4 young (4096K), 4 survivors (4096K)
 Metaspace       used 21223K, committed 21504K, reserved 1114112K
  class space    used 2472K, committed 2624K, reserved 1048576K
}
Event: 40.069 GC heap before
{Heap before GC invocations=6 (full 0):
 garbage-first heap   total 40960K, used 31375K [0x00000000e0000000, 0x0000000100000000)
  region size 1024K, 24 young (24576K), 4 survivors (4096K)
 Metaspace       used 25040K, committed 25344K, reserved 1114112K
  class space    used 3043K, committed 3200K, reserved 1048576K
}
Event: 40.087 GC heap after
{Heap after GC invocations=7 (full 0):
 garbage-first heap   total 40960K, used 12229K [0x00000000e0000000, 0x0000000100000000)
  region size 1024K, 3 young (3072K), 3 survivors (3072K)
 Metaspace       used 25040K, committed 25344K, reserved 1114112K
  class space    used 3043K, committed 3200K, reserved 1048576K
}
Event: 40.588 GC heap before
{Heap before GC invocations=7 (full 0):
 garbage-first heap   total 40960K, used 13253K [0x00000000e0000000, 0x0000000100000000)
  region size 1024K, 4 young (4096K), 3 survivors (3072K)
 Metaspace       used 25255K, committed 25536K, reserved 1114112K
  class space    used 3068K, committed 3200K, reserved 1048576K
}
Event: 40.600 GC heap after
{Heap after GC invocations=8 (full 0):
 garbage-first heap   total 40960K, used 12368K [0x00000000e0000000, 0x0000000100000000)
  region size 1024K, 1 young (1024K), 1 survivors (1024K)
 Metaspace       used 25255K, committed 25536K, reserved 1114112K
  class space    used 3068K, committed 3200K, reserved 1048576K
}
Event: 56.283 GC heap before
{Heap before GC invocations=8 (full 0):
 garbage-first heap   total 40960K, used 27728K [0x00000000e0000000, 0x0000000100000000)
  region size 1024K, 16 young (16384K), 1 survivors (1024K)
 Metaspace       used 28228K, committed 28544K, reserved 1114112K
  class space    used 3500K, committed 3648K, reserved 1048576K
}
Event: 56.300 GC heap after
{Heap after GC invocations=9 (full 0):
 garbage-first heap   total 40960K, used 12720K [0x00000000e0000000, 0x0000000100000000)
  region size 1024K, 1 young (1024K), 1 survivors (1024K)
 Metaspace       used 28228K, committed 28544K, reserved 1114112K
  class space    used 3500K, committed 3648K, reserved 1048576K
}
Event: 70.055 GC heap before
{Heap before GC invocations=9 (full 0):
 garbage-first heap   total 40960K, used 29104K [0x00000000e0000000, 0x0000000100000000)
  region size 1024K, 17 young (17408K), 1 survivors (1024K)
 Metaspace       used 31016K, committed 31360K, reserved 1114112K
  class space    used 3978K, committed 4160K, reserved 1048576K
}
Event: 70.072 GC heap after
{Heap after GC invocations=10 (full 0):
 garbage-first heap   total 40960K, used 13560K [0x00000000e0000000, 0x0000000100000000)
  region size 1024K, 2 young (2048K), 2 survivors (2048K)
 Metaspace       used 31016K, committed 31360K, reserved 1114112K
  class space    used 3978K, committed 4160K, reserved 1048576K
}

