# JRE version: OpenJDK Runtime Environment JBR-17.0.7+7-1000.6-jcef (17.0.7+7) (build 17.0.7+7-b1000.6)
# Java VM: OpenJDK 64-Bit Server VM JBR-17.0.7+7-1000.6-jcef (17.0.7+7-b1000.6, mixed mode, tiered, compressed oops, compressed class ptrs, g1 gc, windows-amd64)
GC Precious Log:
 CPUs: 2 total, 2 available
 Memory: 4009M
 Large Page Support: Disabled
 NUMA Support: Disabled
 Compressed Oops: Enabled (32-bit)
 Heap Region Size: 1M
 Heap Min Capacity: 256M
 Heap Initial Capacity: 256M
 Heap Max Capacity: 512M
 Pre-touch: Disabled
 Parallel Workers: 2
 Concurrent Workers: 1
 Concurrent Refinement Workers: 2
 Periodic GC: Disabled
Heap:
 garbage-first heap   total 338944K, used 186860K [0x00000000e0000000, 0x0000000100000000)
  region size 1024K, 31 young (31744K), 2 survivors (2048K)
 Metaspace       used 105758K, committed 106560K, reserved 458752K
  class space    used 13891K, committed 14272K, reserved 327680K
GC Heap History (20 events):
Event: 4962.912 GC heap before
{Heap before GC invocations=111 (full 0):
 garbage-first heap   total 338944K, used 124230K [0x00000000e0000000, 0x0000000100000000)
  region size 1024K, 16 young (16384K), 1 survivors (1024K)
 Metaspace       used 91440K, committed 92096K, reserved 458752K
  class space    used 12211K, committed 12544K, reserved 327680K
}
Event: 4963.015 GC heap after
{Heap after GC invocations=112 (full 0):
 garbage-first heap   total 338944K, used 106207K [0x00000000e0000000, 0x0000000100000000)
  region size 1024K, 2 young (2048K), 2 survivors (2048K)
 Metaspace       used 91440K, committed 92096K, reserved 458752K
  class space    used 12211K, committed 12544K, reserved 327680K
}
Event: 4967.610 GC heap before
{Heap before GC invocations=112 (full 0):
 garbage-first heap   total 338944K, used 110303K [0x00000000e0000000, 0x0000000100000000)
  region size 1024K, 7 young (7168K), 2 survivors (2048K)
 Metaspace       used 91444K, committed 92160K, reserved 458752K
  class space    used 12211K, committed 12544K, reserved 327680K
}
Event: 4967.647 GC heap after
{Heap after GC invocations=113 (full 0):
 garbage-first heap   total 338944K, used 106111K [0x00000000e0000000, 0x0000000100000000)
  region size 1024K, 1 young (1024K), 1 survivors (1024K)
 Metaspace       used 91444K, committed 92160K, reserved 458752K
  class space    used 12211K, committed 12544K, reserved 327680K
}
Event: 5014.902 GC heap before
{Heap before GC invocations=114 (full 0):
 garbage-first heap   total 338944K, used 297599K [0x00000000e0000000, 0x0000000100000000)
  region size 1024K, 177 young (181248K), 1 survivors (1024K)
 Metaspace       used 94373K, committed 95168K, reserved 458752K
  class space    used 12568K, committed 12928K, reserved 327680K
}
Event: 5015.329 GC heap after
{Heap after GC invocations=115 (full 0):
 garbage-first heap   total 338944K, used 129395K [0x00000000e0000000, 0x0000000100000000)
  region size 1024K, 12 young (12288K), 12 survivors (12288K)
 Metaspace       used 94373K, committed 95168K, reserved 458752K
  class space    used 12568K, committed 12928K, reserved 327680K
}
Event: 5019.123 GC heap before
{Heap before GC invocations=115 (full 0):
 garbage-first heap   total 338944K, used 152947K [0x00000000e0000000, 0x0000000100000000)
  region size 1024K, 16 young (16384K), 12 survivors (12288K)
 Metaspace       used 94576K, committed 95424K, reserved 458752K
  class space    used 12600K, committed 12992K, reserved 327680K
}
Event: 5019.274 GC heap after
{Heap after GC invocations=116 (full 0):
 garbage-first heap   total 338944K, used 148882K [0x00000000e0000000, 0x0000000100000000)
  region size 1024K, 2 young (2048K), 2 survivors (2048K)
 Metaspace       used 94576K, committed 95424K, reserved 458752K
  class space    used 12600K, committed 12992K, reserved 327680K
}
Event: 5060.821 GC heap before
{Heap before GC invocations=116 (full 0):
 garbage-first heap   total 338944K, used 269714K [0x00000000e0000000, 0x0000000100000000)
  region size 1024K, 121 young (123904K), 2 survivors (2048K)
 Metaspace       used 105097K, committed 105984K, reserved 458752K
  class space    used 13838K, committed 14208K, reserved 327680K
}
Event: 5061.536 GC heap after
{Heap after GC invocations=117 (full 0):
 garbage-first heap   total 338944K, used 157283K [0x00000000e0000000, 0x0000000100000000)
  region size 1024K, 11 young (11264K), 11 survivors (11264K)
 Metaspace       used 105097K, committed 105984K, reserved 458752K
  class space    used 13838K, committed 14208K, reserved 327680K
}
Event: 5072.430 GC heap before
{Heap before GC invocations=118 (full 0):
 garbage-first heap   total 338944K, used 162403K [0x00000000e0000000, 0x0000000100000000)
  region size 1024K, 16 young (16384K), 11 survivors (11264K)
 Metaspace       used 105004K, committed 105984K, reserved 458752K
  class space    used 13814K, committed 14208K, reserved 327680K
}
Event: 5072.608 GC heap after
{Heap after GC invocations=119 (full 0):
 garbage-first heap   total 338944K, used 158356K [0x00000000e0000000, 0x0000000100000000)
  region size 1024K, 2 young (2048K), 2 survivors (2048K)
 Metaspace       used 105004K, committed 105984K, reserved 458752K
  class space    used 13814K, committed 14208K, reserved 327680K
}
Event: 5074.964 GC heap before
{Heap before GC invocations=119 (full 0):
 garbage-first heap   total 338944K, used 171668K [0x00000000e0000000, 0x0000000100000000)
  region size 1024K, 16 young (16384K), 2 survivors (2048K)
 Metaspace       used 105020K, committed 105984K, reserved 458752K
  class space    used 13817K, committed 14208K, reserved 327680K
}
Event: 5075.036 GC heap after
{Heap after GC invocations=120 (full 0):
 garbage-first heap   total 338944K, used 156042K [0x00000000e0000000, 0x0000000100000000)
  region size 1024K, 2 young (2048K), 2 survivors (2048K)
 Metaspace       used 105020K, committed 105984K, reserved 458752K
  class space    used 13817K, committed 14208K, reserved 327680K
}
Event: 5096.501 GC heap before
{Heap before GC invocations=120 (full 0):
 garbage-first heap   total 338944K, used 218506K [0x00000000e0000000, 0x0000000100000000)
  region size 1024K, 63 young (64512K), 2 survivors (2048K)
 Metaspace       used 105068K, committed 105984K, reserved 458752K
  class space    used 13820K, committed 14208K, reserved 327680K
}
Event: 5096.608 GC heap after
{Heap after GC invocations=121 (full 0):
 garbage-first heap   total 338944K, used 162060K [0x00000000e0000000, 0x0000000100000000)
  region size 1024K, 8 young (8192K), 8 survivors (8192K)
 Metaspace       used 105068K, committed 105984K, reserved 458752K
  class space    used 13820K, committed 14208K, reserved 327680K
}
Event: 5102.931 GC heap before
{Heap before GC invocations=122 (full 0):
 garbage-first heap   total 338944K, used 170252K [0x00000000e0000000, 0x0000000100000000)
  region size 1024K, 16 young (16384K), 8 survivors (8192K)
 Metaspace       used 105033K, committed 105984K, reserved 458752K
  class space    used 13810K, committed 14208K, reserved 327680K
}
Event: 5103.002 GC heap after
{Heap after GC invocations=123 (full 0):
 garbage-first heap   total 338944K, used 158829K [0x00000000e0000000, 0x0000000100000000)
  region size 1024K, 2 young (2048K), 2 survivors (2048K)
 Metaspace       used 105033K, committed 105984K, reserved 458752K
  class space    used 13810K, committed 14208K, reserved 327680K
}
Event: 5104.812 GC heap before
{Heap before GC invocations=123 (full 0):
 garbage-first heap   total 338944K, used 173165K [0x00000000e0000000, 0x0000000100000000)
  region size 1024K, 16 young (16384K), 2 survivors (2048K)
 Metaspace       used 105052K, committed 105984K, reserved 458752K
  class space    used 13812K, committed 14208K, reserved 327680K
}
Event: 5104.880 GC heap after
{Heap after GC invocations=124 (full 0):
 garbage-first heap   total 338944K, used 158188K [0x00000000e0000000, 0x0000000100000000)
  region size 1024K, 2 young (2048K), 2 survivors (2048K)
 Metaspace       used 105052K, committed 105984K, reserved 458752K
  class space    used 13812K, committed 14208K, reserved 327680K
}

