# JRE version: OpenJDK Runtime Environment JBR-17.0.7+7-1000.6-jcef (17.0.7+7) (build 17.0.7+7-b1000.6)
# Java VM: OpenJDK 64-Bit Server VM JBR-17.0.7+7-1000.6-jcef (17.0.7+7-b1000.6, mixed mode, tiered, compressed oops, compressed class ptrs, g1 gc, windows-amd64)
GC Precious Log:
 CPUs: 2 total, 2 available
 Memory: 4009M
 Large Page Support: Disabled
 NUMA Support: Disabled
 Compressed Oops: Enabled (32-bit)
 Heap Region Size: 1M
 Heap Min Capacity: 8M
 Heap Initial Capacity: 64M
 Heap Max Capacity: 512M
 Pre-touch: Disabled
 Parallel Workers: 2
 Concurrent Workers: 1
 Concurrent Refinement Workers: 2
 Periodic GC: Disabled
Heap:
 garbage-first heap   total 40960K, used 12322K [0x00000000e0000000, 0x0000000100000000)
  region size 1024K, 3 young (3072K), 2 survivors (2048K)
 Metaspace       used 25839K, committed 26176K, reserved 1114112K
  class space    used 3116K, committed 3264K, reserved 1048576K
GC Heap History (12 events):
Event: 20.706 GC heap before
{Heap before GC invocations=0 (full 0):
 garbage-first heap   total 65536K, used 5120K [0x00000000e0000000, 0x0000000100000000)
  region size 1024K, 6 young (6144K), 0 survivors (0K)
 Metaspace       used 8494K, committed 8704K, reserved 1114112K
  class space    used 776K, committed 896K, reserved 1048576K
}
Event: 20.820 GC heap after
{Heap after GC invocations=1 (full 0):
 garbage-first heap   total 65536K, used 3217K [0x00000000e0000000, 0x0000000100000000)
  region size 1024K, 1 young (1024K), 1 survivors (1024K)
 Metaspace       used 8494K, committed 8704K, reserved 1114112K
  class space    used 776K, committed 896K, reserved 1048576K
}
Event: 31.962 GC heap before
{Heap before GC invocations=1 (full 0):
 garbage-first heap   total 65536K, used 5265K [0x00000000e0000000, 0x0000000100000000)
  region size 1024K, 4 young (4096K), 1 survivors (1024K)
 Metaspace       used 8567K, committed 8768K, reserved 1114112K
  class space    used 780K, committed 896K, reserved 1048576K
}
Event: 31.994 GC heap after
{Heap after GC invocations=2 (full 0):
 garbage-first heap   total 65536K, used 5977K [0x00000000e0000000, 0x0000000100000000)
  region size 1024K, 1 young (1024K), 1 survivors (1024K)
 Metaspace       used 8567K, committed 8768K, reserved 1114112K
  class space    used 780K, committed 896K, reserved 1048576K
}
Event: 39.104 GC heap before
{Heap before GC invocations=2 (full 0):
 garbage-first heap   total 65536K, used 10073K [0x00000000e0000000, 0x0000000100000000)
  region size 1024K, 6 young (6144K), 1 survivors (1024K)
 Metaspace       used 11636K, committed 11840K, reserved 1114112K
  class space    used 1178K, committed 1280K, reserved 1048576K
}
Event: 39.110 GC heap after
{Heap after GC invocations=3 (full 0):
 garbage-first heap   total 65536K, used 7750K [0x00000000e0000000, 0x0000000100000000)
  region size 1024K, 1 young (1024K), 1 survivors (1024K)
 Metaspace       used 11636K, committed 11840K, reserved 1114112K
  class space    used 1178K, committed 1280K, reserved 1048576K
}
Event: 43.512 GC heap before
{Heap before GC invocations=3 (full 0):
 garbage-first heap   total 65536K, used 16966K [0x00000000e0000000, 0x0000000100000000)
  region size 1024K, 10 young (10240K), 1 survivors (1024K)
 Metaspace       used 15443K, committed 15616K, reserved 1114112K
  class space    used 1662K, committed 1728K, reserved 1048576K
}
Event: 43.520 GC heap after
{Heap after GC invocations=4 (full 0):
 garbage-first heap   total 65536K, used 9194K [0x00000000e0000000, 0x0000000100000000)
  region size 1024K, 2 young (2048K), 2 survivors (2048K)
 Metaspace       used 15443K, committed 15616K, reserved 1114112K
  class space    used 1662K, committed 1728K, reserved 1048576K
}
Event: 46.896 GC heap before
{Heap before GC invocations=4 (full 0):
 garbage-first heap   total 65536K, used 25578K [0x00000000e0000000, 0x0000000100000000)
  region size 1024K, 18 young (18432K), 2 survivors (2048K)
 Metaspace       used 19644K, committed 19968K, reserved 1114112K
  class space    used 2271K, committed 2432K, reserved 1048576K
}
Event: 46.907 GC heap after
{Heap after GC invocations=5 (full 0):
 garbage-first heap   total 65536K, used 10553K [0x00000000e0000000, 0x0000000100000000)
  region size 1024K, 3 young (3072K), 3 survivors (3072K)
 Metaspace       used 19644K, committed 19968K, reserved 1114112K
  class space    used 2271K, committed 2432K, reserved 1048576K
}
Event: 48.882 GC heap before
{Heap before GC invocations=5 (full 0):
 garbage-first heap   total 65536K, used 16697K [0x00000000e0000000, 0x0000000100000000)
  region size 1024K, 10 young (10240K), 3 survivors (3072K)
 Metaspace       used 21203K, committed 21504K, reserved 1114112K
  class space    used 2453K, committed 2624K, reserved 1048576K
}
Event: 48.891 GC heap after
{Heap after GC invocations=6 (full 0):
 garbage-first heap   total 65536K, used 11042K [0x00000000e0000000, 0x0000000100000000)
  region size 1024K, 3 young (3072K), 3 survivors (3072K)
 Metaspace       used 21203K, committed 21504K, reserved 1114112K
  class space    used 2453K, committed 2624K, reserved 1048576K
}

