# JRE version: OpenJDK Runtime Environment JBR-17.0.7+7-1000.6-jcef (17.0.7+7) (build 17.0.7+7-b1000.6)
# Java VM: OpenJDK 64-Bit Server VM JBR-17.0.7+7-1000.6-jcef (17.0.7+7-b1000.6, mixed mode, tiered, compressed oops, compressed class ptrs, g1 gc, windows-amd64)
GC Precious Log:
 CPUs: 2 total, 2 available
 Memory: 4009M
 Large Page Support: Disabled
 NUMA Support: Disabled
 Compressed Oops: Enabled (32-bit)
 Heap Region Size: 1M
 Heap Min Capacity: 256M
 Heap Initial Capacity: 256M
 Heap Max Capacity: 512M
 Pre-touch: Disabled
 Parallel Workers: 2
 Concurrent Workers: 1
 Concurrent Refinement Workers: 2
 Periodic GC: Disabled
Heap:
 garbage-first heap   total 262144K, used 92970K [0x00000000e0000000, 0x0000000100000000)
  region size 1024K, 66 young (67584K), 1 survivors (1024K)
 Metaspace       used 44761K, committed 45184K, reserved 393216K
  class space    used 6003K, committed 6208K, reserved 327680K
GC Heap History (16 events):
Event: 2.917 GC heap before
{Heap before GC invocations=0 (full 0):
 garbage-first heap   total 262144K, used 11264K [0x00000000e0000000, 0x0000000100000000)
  region size 1024K, 12 young (12288K), 0 survivors (0K)
 Metaspace       used 7085K, committed 7232K, reserved 393216K
  class space    used 623K, committed 704K, reserved 327680K
}
Event: 2.950 GC heap after
{Heap after GC invocations=1 (full 0):
 garbage-first heap   total 262144K, used 1777K [0x00000000e0000000, 0x0000000100000000)
  region size 1024K, 2 young (2048K), 2 survivors (2048K)
 Metaspace       used 7085K, committed 7232K, reserved 393216K
  class space    used 623K, committed 704K, reserved 327680K
}
Event: 4.435 GC heap before
{Heap before GC invocations=1 (full 0):
 garbage-first heap   total 262144K, used 16113K [0x00000000e0000000, 0x0000000100000000)
  region size 1024K, 13 young (13312K), 2 survivors (2048K)
 Metaspace       used 9298K, committed 9472K, reserved 393216K
  class space    used 889K, committed 960K, reserved 327680K
}
Event: 4.445 GC heap after
{Heap after GC invocations=2 (full 0):
 garbage-first heap   total 262144K, used 11152K [0x00000000e0000000, 0x0000000100000000)
  region size 1024K, 2 young (2048K), 2 survivors (2048K)
 Metaspace       used 9298K, committed 9472K, reserved 393216K
  class space    used 889K, committed 960K, reserved 327680K
}
Event: 7.357 GC heap before
{Heap before GC invocations=2 (full 0):
 garbage-first heap   total 262144K, used 22416K [0x00000000e0000000, 0x0000000100000000)
  region size 1024K, 14 young (14336K), 2 survivors (2048K)
 Metaspace       used 11597K, committed 11712K, reserved 393216K
  class space    used 1223K, committed 1280K, reserved 327680K
}
Event: 7.362 GC heap after
{Heap after GC invocations=3 (full 0):
 garbage-first heap   total 262144K, used 11702K [0x00000000e0000000, 0x0000000100000000)
  region size 1024K, 1 young (1024K), 1 survivors (1024K)
 Metaspace       used 11597K, committed 11712K, reserved 393216K
  class space    used 1223K, committed 1280K, reserved 327680K
}
Event: 8.808 GC heap before
{Heap before GC invocations=3 (full 0):
 garbage-first heap   total 262144K, used 35254K [0x00000000e0000000, 0x0000000100000000)
  region size 1024K, 25 young (25600K), 1 survivors (1024K)
 Metaspace       used 11669K, committed 11840K, reserved 393216K
  class space    used 1224K, committed 1280K, reserved 327680K
}
Event: 8.813 GC heap after
{Heap after GC invocations=4 (full 0):
 garbage-first heap   total 262144K, used 12327K [0x00000000e0000000, 0x0000000100000000)
  region size 1024K, 2 young (2048K), 2 survivors (2048K)
 Metaspace       used 11669K, committed 11840K, reserved 393216K
  class space    used 1224K, committed 1280K, reserved 327680K
}
Event: 15.478 GC heap before
{Heap before GC invocations=4 (full 0):
 garbage-first heap   total 262144K, used 64551K [0x00000000e0000000, 0x0000000100000000)
  region size 1024K, 52 young (53248K), 2 survivors (2048K)
 Metaspace       used 21296K, committed 21504K, reserved 393216K
  class space    used 2525K, committed 2624K, reserved 327680K
}
Event: 15.502 GC heap after
{Heap after GC invocations=5 (full 0):
 garbage-first heap   total 262144K, used 20070K [0x00000000e0000000, 0x0000000100000000)
  region size 1024K, 8 young (8192K), 8 survivors (8192K)
 Metaspace       used 21296K, committed 21504K, reserved 393216K
  class space    used 2525K, committed 2624K, reserved 327680K
}
Event: 25.737 GC heap before
{Heap before GC invocations=6 (full 0):
 garbage-first heap   total 262144K, used 125542K [0x00000000e0000000, 0x0000000100000000)
  region size 1024K, 113 young (115712K), 8 survivors (8192K)
 Metaspace       used 35803K, committed 36096K, reserved 393216K
  class space    used 4911K, committed 5056K, reserved 327680K
}
Event: 25.788 GC heap after
{Heap after GC invocations=7 (full 0):
 garbage-first heap   total 262144K, used 25278K [0x00000000e0000000, 0x0000000100000000)
  region size 1024K, 13 young (13312K), 13 survivors (13312K)
 Metaspace       used 35803K, committed 36096K, reserved 393216K
  class space    used 4911K, committed 5056K, reserved 327680K
}
Event: 25.888 GC heap before
{Heap before GC invocations=7 (full 0):
 garbage-first heap   total 262144K, used 26302K [0x00000000e0000000, 0x0000000100000000)
  region size 1024K, 14 young (14336K), 13 survivors (13312K)
 Metaspace       used 35959K, committed 36288K, reserved 393216K
  class space    used 4941K, committed 5120K, reserved 327680K
}
Event: 25.995 GC heap after
{Heap after GC invocations=8 (full 0):
 garbage-first heap   total 262144K, used 25880K [0x00000000e0000000, 0x0000000100000000)
  region size 1024K, 1 young (1024K), 1 survivors (1024K)
 Metaspace       used 35959K, committed 36288K, reserved 393216K
  class space    used 4941K, committed 5120K, reserved 327680K
}
Event: 26.152 GC heap before
{Heap before GC invocations=8 (full 0):
 garbage-first heap   total 262144K, used 26904K [0x00000000e0000000, 0x0000000100000000)
  region size 1024K, 3 young (3072K), 1 survivors (1024K)
 Metaspace       used 36120K, committed 36416K, reserved 393216K
  class space    used 4970K, committed 5120K, reserved 327680K
}
Event: 26.157 GC heap after
{Heap after GC invocations=9 (full 0):
 garbage-first heap   total 262144K, used 25386K [0x00000000e0000000, 0x0000000100000000)
  region size 1024K, 1 young (1024K), 1 survivors (1024K)
 Metaspace       used 36120K, committed 36416K, reserved 393216K
  class space    used 4970K, committed 5120K, reserved 327680K
}

